mode: set
github.com/rooslun/rss_reader/rss_reader.go:35.13,44.16 6 0
github.com/rooslun/rss_reader/rss_reader.go:44.16,47.3 2 0
github.com/rooslun/rss_reader/rss_reader.go:48.2,51.16 3 0
github.com/rooslun/rss_reader/rss_reader.go:51.16,54.3 2 0
github.com/rooslun/rss_reader/rss_reader.go:56.2,58.39 2 0
github.com/rooslun/rss_reader/rss_reader.go:58.39,61.17 3 0
github.com/rooslun/rss_reader/rss_reader.go:61.17,63.4 1 0
github.com/rooslun/rss_reader/rss_reader.go:66.2,69.16 3 0
github.com/rooslun/rss_reader/rss_reader.go:69.16,72.3 2 0
github.com/rooslun/rss_reader/rss_reader.go:74.2,76.26 2 0
github.com/rooslun/rss_reader/rss_reader.go:80.53,82.16 2 1
github.com/rooslun/rss_reader/rss_reader.go:82.16,84.3 1 1
github.com/rooslun/rss_reader/rss_reader.go:85.2,89.47 4 1
github.com/rooslun/rss_reader/rss_reader.go:89.47,91.3 1 1
github.com/rooslun/rss_reader/rss_reader.go:93.2,93.24 1 1
github.com/rooslun/rss_reader/rss_reader.go:93.24,95.3 1 0
github.com/rooslun/rss_reader/rss_reader.go:97.2,97.19 1 1
github.com/rooslun/rss_reader/rss_reader.go:100.100,105.17 3 1
github.com/rooslun/rss_reader/rss_reader.go:105.17,107.4 1 1
github.com/rooslun/rss_reader/rss_reader.go:109.3,109.45 1 1
github.com/rooslun/rss_reader/rss_reader.go:109.45,114.48 4 1
github.com/rooslun/rss_reader/rss_reader.go:114.48,115.73 1 1
github.com/rooslun/rss_reader/rss_reader.go:115.73,123.6 4 1
github.com/rooslun/rss_reader/rss_reader.go:125.4,125.50 1 1
github.com/rooslun/rss_reader/rss_reader.go:126.9,128.4 1 1
github.com/rooslun/rss_reader/rss_reader.go:129.2,129.12 1 1
github.com/rooslun/rss_reader/rss_reader.go:132.59,134.16 2 1
github.com/rooslun/rss_reader/rss_reader.go:134.16,136.3 1 1
github.com/rooslun/rss_reader/rss_reader.go:137.2,140.46 3 1
github.com/rooslun/rss_reader/rss_reader.go:140.46,142.3 1 0
github.com/rooslun/rss_reader/rss_reader.go:144.2,144.12 1 1
github.com/rooslun/rss_reader/tools.go:16.36,22.2 5 1
github.com/rooslun/rss_reader/tools.go:24.48,25.20 1 1
github.com/rooslun/rss_reader/tools.go:25.20,27.3 1 1
github.com/rooslun/rss_reader/tools.go:29.2,34.50 5 1
github.com/rooslun/rss_reader/tools.go:34.50,36.3 1 1
github.com/rooslun/rss_reader/tools.go:38.2,38.18 1 1
github.com/rooslun/rss_reader/tools.go:41.42,43.21 2 1
github.com/rooslun/rss_reader/tools.go:43.21,45.3 1 1
github.com/rooslun/rss_reader/tools.go:46.2,46.26 1 1
github.com/rooslun/rss_reader/tools.go:49.33,52.2 1 0
github.com/rooslun/rss_reader/tools.go:54.66,56.38 2 1
github.com/rooslun/rss_reader/tools.go:56.38,58.3 1 1
github.com/rooslun/rss_reader/tools.go:59.2,59.20 1 1
