mode: set
github.com/rooslun/rss_reader/rss_reader.go:40.13,49.16 6 0
github.com/rooslun/rss_reader/rss_reader.go:49.16,52.3 2 0
github.com/rooslun/rss_reader/rss_reader.go:53.2,56.16 3 0
github.com/rooslun/rss_reader/rss_reader.go:56.16,59.3 2 0
github.com/rooslun/rss_reader/rss_reader.go:61.2,67.12 5 0
github.com/rooslun/rss_reader/rss_reader.go:67.12,68.10 1 0
github.com/rooslun/rss_reader/rss_reader.go:69.25,71.12 2 0
github.com/rooslun/rss_reader/rss_reader.go:72.21,72.21 0 0
github.com/rooslun/rss_reader/rss_reader.go:76.2,82.39 4 0
github.com/rooslun/rss_reader/rss_reader.go:82.39,86.10 2 0
github.com/rooslun/rss_reader/rss_reader.go:87.26,87.26 0 0
github.com/rooslun/rss_reader/rss_reader.go:88.26,90.12 2 0
github.com/rooslun/rss_reader/rss_reader.go:93.3,93.21 1 0
github.com/rooslun/rss_reader/rss_reader.go:93.21,95.17 1 0
github.com/rooslun/rss_reader/rss_reader.go:95.17,97.5 1 0
github.com/rooslun/rss_reader/rss_reader.go:99.4,101.18 2 0
github.com/rooslun/rss_reader/rss_reader.go:101.18,102.41 1 0
github.com/rooslun/rss_reader/rss_reader.go:102.41,104.6 1 0
github.com/rooslun/rss_reader/rss_reader.go:104.11,106.6 1 0
github.com/rooslun/rss_reader/rss_reader.go:107.5,107.15 1 0
github.com/rooslun/rss_reader/rss_reader.go:110.4,110.14 1 0
github.com/rooslun/rss_reader/rss_reader.go:114.2,116.33 2 0
github.com/rooslun/rss_reader/rss_reader.go:116.33,117.39 1 0
github.com/rooslun/rss_reader/rss_reader.go:117.39,120.4 2 0
github.com/rooslun/rss_reader/rss_reader.go:120.9,123.4 2 0
github.com/rooslun/rss_reader/rss_reader.go:124.8,126.3 1 0
github.com/rooslun/rss_reader/rss_reader.go:128.2,131.16 3 0
github.com/rooslun/rss_reader/rss_reader.go:131.16,134.3 2 0
github.com/rooslun/rss_reader/rss_reader.go:136.2,138.26 2 0
github.com/rooslun/rss_reader/rss_reader.go:142.53,144.16 2 1
github.com/rooslun/rss_reader/rss_reader.go:144.16,146.3 1 1
github.com/rooslun/rss_reader/rss_reader.go:147.2,151.47 4 1
github.com/rooslun/rss_reader/rss_reader.go:151.47,153.3 1 1
github.com/rooslun/rss_reader/rss_reader.go:155.2,155.24 1 1
github.com/rooslun/rss_reader/rss_reader.go:155.24,157.3 1 0
github.com/rooslun/rss_reader/rss_reader.go:159.2,159.19 1 1
github.com/rooslun/rss_reader/rss_reader.go:162.102,167.16 3 1
github.com/rooslun/rss_reader/rss_reader.go:167.16,168.39 1 1
github.com/rooslun/rss_reader/rss_reader.go:168.39,171.4 2 0
github.com/rooslun/rss_reader/rss_reader.go:172.3,172.13 1 1
github.com/rooslun/rss_reader/rss_reader.go:175.2,175.44 1 1
github.com/rooslun/rss_reader/rss_reader.go:175.44,180.47 4 1
github.com/rooslun/rss_reader/rss_reader.go:180.47,181.11 1 1
github.com/rooslun/rss_reader/rss_reader.go:182.22,184.21 2 0
github.com/rooslun/rss_reader/rss_reader.go:185.12,186.72 1 1
github.com/rooslun/rss_reader/rss_reader.go:186.72,194.6 4 1
github.com/rooslun/rss_reader/rss_reader.go:197.3,197.49 1 1
github.com/rooslun/rss_reader/rss_reader.go:198.8,200.3 1 1
github.com/rooslun/rss_reader/rss_reader.go:201.2,201.12 1 1
github.com/rooslun/rss_reader/rss_reader.go:204.59,206.16 2 1
github.com/rooslun/rss_reader/rss_reader.go:206.16,208.3 1 1
github.com/rooslun/rss_reader/rss_reader.go:209.2,212.46 3 1
github.com/rooslun/rss_reader/rss_reader.go:212.46,214.3 1 0
github.com/rooslun/rss_reader/rss_reader.go:216.2,216.12 1 1
github.com/rooslun/rss_reader/tools.go:16.36,22.2 5 1
github.com/rooslun/rss_reader/tools.go:24.48,25.20 1 1
github.com/rooslun/rss_reader/tools.go:25.20,27.3 1 1
github.com/rooslun/rss_reader/tools.go:29.2,34.50 5 1
github.com/rooslun/rss_reader/tools.go:34.50,36.3 1 1
github.com/rooslun/rss_reader/tools.go:38.2,38.18 1 1
github.com/rooslun/rss_reader/tools.go:41.42,43.21 2 1
github.com/rooslun/rss_reader/tools.go:43.21,45.3 1 1
github.com/rooslun/rss_reader/tools.go:46.2,46.26 1 1
github.com/rooslun/rss_reader/tools.go:49.33,52.2 1 0
github.com/rooslun/rss_reader/tools.go:54.66,56.38 2 1
github.com/rooslun/rss_reader/tools.go:56.38,58.3 1 1
github.com/rooslun/rss_reader/tools.go:59.2,59.20 1 1
github.com/rooslun/rss_reader/types.go:42.75,43.27 1 0
github.com/rooslun/rss_reader/types.go:43.27,45.3 1 0
github.com/rooslun/rss_reader/types.go:46.2,46.28 1 0
github.com/rooslun/rss_reader/types.go:48.108,49.38 1 1
github.com/rooslun/rss_reader/types.go:49.38,51.3 1 1
github.com/rooslun/rss_reader/types.go:52.2,52.28 1 0
